<?xml version="1.0" encoding="UTF-8"?>
<Site BuildName="Linux-clang++-18"
	BuildStamp="20250204-1119-Experimental"
	Name="gliqa"
	Generator="ctest-3.30.5"
	CompilerName="/usr/bin/clang++-18"
	CompilerVersion="18.1.8"
	OSName="Linux"
	Hostname="gliqa"
	OSRelease="6.11.2-amd64"
	OSVersion="#1 SMP PREEMPT_DYNAMIC Kali 6.11.2-1kali1 (2024-10-15)"
	OSPlatform="x86_64"
	Is64Bits="1"
	VendorString="GenuineIntel"
	VendorID="Intel Corporation"
	FamilyID="6"
	ModelID="183"
	ProcessorCacheSize="36864"
	NumberOfLogicalCPU="32"
	NumberOfPhysicalCPU="24"
	TotalVirtualMemory="476"
	TotalPhysicalMemory="64007"
	LogicalProcessorsPerPhysical="1"
	ProcessorClockFrequency="1908.37"
	>
	<Testing>
		<StartDateTime>Feb 04 18:19 +07</StartDateTime>
		<StartTestTime>1738667984</StartTestTime>
		<TestList/>
		<EndDateTime>Feb 04 18:19 +07</EndDateTime>
		<EndTestTime>1738667984</EndTestTime>
		<ElapsedMinutes>0</ElapsedMinutes>
	</Testing>
</Site>
